
atenção: ansible-core-2.15.3-1 está atualizado -- reinstalando
atenção: bash-5.1.016-2 está atualizado -- reinstalando
atenção: curl-8.2.1-1 está atualizado -- reinstalando
atenção: dmidecode-3.5-1 está atualizado -- reinstalando
atenção: evolution-data-server-3.48.4-2 está atualizado -- reinstalando
atenção: firefox-117.0-1 está atualizado -- reinstalando
erro: alvo não encontrado: franz-bin
atenção: git-2.42.0-1 está atualizado -- reinstalando
atenção: jre-openjdk-20.0.2.u9-3 está atualizado -- reinstalando
atenção: lm_sensors-1:3.6.0.r41.g31d1f125-2 está atualizado -- reinstalando
atenção: lshw-B.02.19.2-6 está atualizado -- reinstalando
atenção: mc-4.8.30-1 está atualizado -- reinstalando
atenção: nano-7.2-1 está atualizado -- reinstalando
atenção: nfs-utils-2.6.3-1 está atualizado -- reinstalando
erro: alvo não encontrado: openlens-bin
atenção: openssh-9.4p1-2 está atualizado -- reinstalando
atenção: python-3.11.3-2 está atualizado -- reinstalando
erro: alvo não encontrado: python-mysqlconnector
atenção: sqlite-3.43.0-1 está atualizado -- reinstalando
atenção: thunderbird-115.2.0-1 está atualizado -- reinstalando
erro: alvo não encontrado: todoist
atenção: vlc-3.0.18-13 está atualizado -- reinstalando
atenção: xterm-384-1 está atualizado -- reinstalando
atenção: yay-12.1.2-1 está atualizado -- reinstalando
atenção: zsh-5.9-4 está atualizado -- reinstalando
atenção: yay-12.1.2-1 está atualizado -- reinstalando
atenção: paru-1.11.1-1.3 está atualizado -- reinstalando
atenção: brother-mfc-l2710dw-4.0.0-1 está atualizado -- reinstalando
atenção: simple-scan-44.0-2 está atualizado -- reinstalando
atenção: linux-api-headers-6.4-1 está atualizado -- reinstalando
